Build started 8/15/2014 10:34:59 PM.
     1>Project "C:\Users\ryan.slipetz\Desktop\RS_Project4 - Square List\RS_SquareList_RAW_PTRS\ut_square_list\ut_square_list\ut_square_list.vcxproj" on node 2 (Build target(s)).
     1>ClCompile:
         C:\Program Files (x86)\Microsoft Visual Studio 12.0\VC\bin\CL.exe /c /Zi /nologo /W3 /WX- /O2 /Oi /Oy- /GL /D WIN32 /D NDEBUG /D _CONSOLE /D _LIB /D _UNICODE /D UNICODE /Gm- /EHsc /MD /GS /Gy /fp:precise /Zc:wchar_t /Zc:forScope /Fo"Release\\" /Fd"Release\vc120.pdb" /Gd /TP /analyze- /errorReport:prompt ut_square_list_00_main.cpp ut_square_list_01_concept.cpp ut_square_list_02_capacity.cpp ut_square_list_03_forward_iter.cpp ut_square_list_04_bidirectional_iter.cpp ut_square_list_05_reverse_iter.cpp ut_square_list_06_const_iter.cpp ut_square_list_07_erase_concept.cpp ut_square_list_08_insert_rigorous.cpp ut_square_list_09_clear.cpp ut_square_list_10_insert_rvalue.cpp ut_square_list_11_insert_range.cpp ut_square_list_12_insert_initializer_list.cpp ut_square_list_13_erase_range.cpp ut_square_list_14_erase_mass.cpp ut_square_list_15_swap.cpp ut_square_list_16_ctor_copy.cpp ut_square_list_17_ctor_Rvalue.cpp ut_square_list_18_ctor_iterator.cpp ut_square_list_19_ctor_initializer.cpp ut_square_list_20_deep_copy_assignment.cpp ut_square_list_21_deep_move_assignment.cpp ut_square_list_22_initializer_assignment.cpp ut_square_list_23_relational.cpp ut_square_list_24_swap_function.cpp ut_square_list_25_count.cpp ut_square_list_26_front_back.cpp ut_square_list_27_find.cpp ut_square_list_28_equal_range.cpp ut_square_list_29_ctor_compare.cpp
         ut_square_list_00_main.cpp
         ut_square_list_01_concept.cpp
         ut_square_list_02_capacity.cpp
         ut_square_list_03_forward_iter.cpp
         ut_square_list_04_bidirectional_iter.cpp
         ut_square_list_05_reverse_iter.cpp
         ut_square_list_06_const_iter.cpp
         ut_square_list_07_erase_concept.cpp
         ut_square_list_08_insert_rigorous.cpp
         ut_square_list_09_clear.cpp
         ut_square_list_10_insert_rvalue.cpp
         ut_square_list_11_insert_range.cpp
         ut_square_list_12_insert_initializer_list.cpp
         ut_square_list_13_erase_range.cpp
         ut_square_list_14_erase_mass.cpp
         ut_square_list_15_swap.cpp
         ut_square_list_16_ctor_copy.cpp
         ut_square_list_17_ctor_Rvalue.cpp
         ut_square_list_18_ctor_iterator.cpp
         ut_square_list_19_ctor_initializer.cpp
         Compiling...
         ut_square_list_20_deep_copy_assignment.cpp
         ut_square_list_21_deep_move_assignment.cpp
         ut_square_list_22_initializer_assignment.cpp
         ut_square_list_23_relational.cpp
         ut_square_list_24_swap_function.cpp
         ut_square_list_25_count.cpp
         ut_square_list_26_front_back.cpp
         ut_square_list_27_find.cpp
         ut_square_list_28_equal_range.cpp
         ut_square_list_29_ctor_compare.cpp
       Link:
         C:\Program Files (x86)\Microsoft Visual Studio 12.0\VC\bin\link.exe /ERRORREPORT:PROMPT /OUT:"C:\Users\ryan.slipetz\Desktop\RS_Project4 - Square List\RS_SquareList_RAW_PTRS\ut_square_list\Release\ut_square_list.exe" /INCREMENTAL:NO /NOLOGO kernel32.lib user32.lib gdi32.lib winspool.lib comdlg32.lib advapi32.lib shell32.lib ole32.lib oleaut32.lib uuid.lib odbc32.lib odbccp32.lib /MANIFEST /MANIFESTUAC:"level='asInvoker' uiAccess='false'" /manifest:embed /DEBUG /PDB:"C:\Users\ryan.slipetz\Desktop\RS_Project4 - Square List\RS_SquareList_RAW_PTRS\ut_square_list\Release\ut_square_list.pdb" /SUBSYSTEM:CONSOLE /OPT:REF /OPT:ICF /LTCG /TLBID:1 /DYNAMICBASE /NXCOMPAT /IMPLIB:"C:\Users\ryan.slipetz\Desktop\RS_Project4 - Square List\RS_SquareList_RAW_PTRS\ut_square_list\Release\ut_square_list.lib" /MACHINE:X86 /SAFESEH Release\ut_square_list_00_main.obj
         Release\ut_square_list_01_concept.obj
         Release\ut_square_list_02_capacity.obj
         Release\ut_square_list_03_forward_iter.obj
         Release\ut_square_list_04_bidirectional_iter.obj
         Release\ut_square_list_05_reverse_iter.obj
         Release\ut_square_list_06_const_iter.obj
         Release\ut_square_list_07_erase_concept.obj
         Release\ut_square_list_08_insert_rigorous.obj
         Release\ut_square_list_09_clear.obj
         Release\ut_square_list_10_insert_rvalue.obj
         Release\ut_square_list_11_insert_range.obj
         Release\ut_square_list_12_insert_initializer_list.obj
         Release\ut_square_list_13_erase_range.obj
         Release\ut_square_list_14_erase_mass.obj
         Release\ut_square_list_15_swap.obj
         Release\ut_square_list_16_ctor_copy.obj
         Release\ut_square_list_17_ctor_Rvalue.obj
         Release\ut_square_list_18_ctor_iterator.obj
         Release\ut_square_list_19_ctor_initializer.obj
         Release\ut_square_list_20_deep_copy_assignment.obj
         Release\ut_square_list_21_deep_move_assignment.obj
         Release\ut_square_list_22_initializer_assignment.obj
         Release\ut_square_list_23_relational.obj
         Release\ut_square_list_24_swap_function.obj
         Release\ut_square_list_25_count.obj
         Release\ut_square_list_26_front_back.obj
         Release\ut_square_list_27_find.obj
         Release\ut_square_list_28_equal_range.obj
         Release\ut_square_list_29_ctor_compare.obj
         Generating code
         Finished generating code
         ut_square_list.vcxproj -> C:\Users\ryan.slipetz\Desktop\RS_Project4 - Square List\RS_SquareList_RAW_PTRS\ut_square_list\Release\ut_square_list.exe
     1>Done Building Project "C:\Users\ryan.slipetz\Desktop\RS_Project4 - Square List\RS_SquareList_RAW_PTRS\ut_square_list\ut_square_list\ut_square_list.vcxproj" (Build target(s)).

Build succeeded.

Time Elapsed 00:00:24.05
