Build started 8/15/2014 10:31:59 PM.
     1>Project "C:\Users\ryan.slipetz\Desktop\RS_Project4 - Square List\RS_SquareList_RAW_PTRS\ut_square_list\ut_square_list\ut_square_list.vcxproj" on node 2 (Rebuild target(s)).
     1>ClCompile:
         C:\Program Files (x86)\Microsoft Visual Studio 12.0\VC\bin\CL.exe /c /ZI /nologo /W3 /WX- /Od /Oy- /D WIN32 /D _DEBUG /D _CONSOLE /D _LIB /D _UNICODE /D UNICODE /Gm /EHsc /RTC1 /MDd /GS /fp:precise /Zc:wchar_t /Zc:forScope /Fo"Debug\\" /Fd"Debug\vc120.pdb" /Gd /TP /analyze- /errorReport:prompt ut_square_list_00_main.cpp ut_square_list_01_concept.cpp ut_square_list_02_capacity.cpp ut_square_list_03_forward_iter.cpp ut_square_list_04_bidirectional_iter.cpp ut_square_list_05_reverse_iter.cpp ut_square_list_06_const_iter.cpp ut_square_list_07_erase_concept.cpp ut_square_list_08_insert_rigorous.cpp ut_square_list_09_clear.cpp ut_square_list_10_insert_rvalue.cpp ut_square_list_11_insert_range.cpp ut_square_list_12_insert_initializer_list.cpp ut_square_list_13_erase_range.cpp ut_square_list_14_erase_mass.cpp ut_square_list_15_swap.cpp ut_square_list_16_ctor_copy.cpp ut_square_list_17_ctor_Rvalue.cpp ut_square_list_18_ctor_iterator.cpp ut_square_list_19_ctor_initializer.cpp ut_square_list_20_deep_copy_assignment.cpp ut_square_list_21_deep_move_assignment.cpp ut_square_list_22_initializer_assignment.cpp ut_square_list_23_relational.cpp ut_square_list_24_swap_function.cpp ut_square_list_25_count.cpp ut_square_list_26_front_back.cpp ut_square_list_27_find.cpp ut_square_list_28_equal_range.cpp ut_square_list_29_ctor_compare.cpp
         ut_square_list_29_ctor_compare.cpp
         ut_square_list_28_equal_range.cpp
         ut_square_list_27_find.cpp
         ut_square_list_26_front_back.cpp
         ut_square_list_25_count.cpp
         ut_square_list_24_swap_function.cpp
         ut_square_list_23_relational.cpp
         ut_square_list_22_initializer_assignment.cpp
         ut_square_list_21_deep_move_assignment.cpp
     1>c:\program files (x86)\microsoft visual studio 12.0\vc\include\xutility(2798): warning C4996: 'std::_Equal1': Function call with parameters that may be unsafe - this call relies on the caller to check that the passed values are correct. To disable this warning, use -D_SCL_SECURE_NO_WARNINGS. See documentation on how to use Visual C++ 'Checked Iterators'
                 c:\program files (x86)\microsoft visual studio 12.0\vc\include\xutility(2783) : see declaration of 'std::_Equal1'
                 c:\users\ryan.slipetz\desktop\rs_project4 - square list\rs_squarelist_raw_ptrs\ut_square_list\ut_square_list\ut_square_list_21_deep_move_assignment.cpp(25) : see reference to function template instantiation 'bool std::equal<Iterator<double>,Iterator<double>>(_InIt1,_InIt1,_InIt2)' being compiled
                 with
                 [
                     _InIt1=Iterator<double>
         ,            _InIt2=Iterator<double>
                 ]
         ut_square_list_20_deep_copy_assignment.cpp
     1>c:\program files (x86)\microsoft visual studio 12.0\vc\include\xutility(2798): warning C4996: 'std::_Equal1': Function call with parameters that may be unsafe - this call relies on the caller to check that the passed values are correct. To disable this warning, use -D_SCL_SECURE_NO_WARNINGS. See documentation on how to use Visual C++ 'Checked Iterators'
                 c:\program files (x86)\microsoft visual studio 12.0\vc\include\xutility(2783) : see declaration of 'std::_Equal1'
                 c:\users\ryan.slipetz\desktop\rs_project4 - square list\rs_squarelist_raw_ptrs\ut_square_list\ut_square_list\ut_square_list_20_deep_copy_assignment.cpp(23) : see reference to function template instantiation 'bool std::equal<Iterator<double>,Iterator<double>>(_InIt1,_InIt1,_InIt2)' being compiled
                 with
                 [
                     _InIt1=Iterator<double>
         ,            _InIt2=Iterator<double>
                 ]
                 c:\program files (x86)\microsoft visual studio 12.0\vc\include\xutility(2783) : see declaration of 'std::_Equal1'
         ut_square_list_19_ctor_initializer.cpp
         ut_square_list_18_ctor_iterator.cpp
         ut_square_list_17_ctor_Rvalue.cpp
     1>c:\program files (x86)\microsoft visual studio 12.0\vc\include\xutility(2798): warning C4996: 'std::_Equal1': Function call with parameters that may be unsafe - this call relies on the caller to check that the passed values are correct. To disable this warning, use -D_SCL_SECURE_NO_WARNINGS. See documentation on how to use Visual C++ 'Checked Iterators'
                 c:\program files (x86)\microsoft visual studio 12.0\vc\include\xutility(2783) : see declaration of 'std::_Equal1'
                 c:\users\ryan.slipetz\desktop\rs_project4 - square list\rs_squarelist_raw_ptrs\ut_square_list\ut_square_list\ut_square_list_17_ctor_rvalue.cpp(23) : see reference to function template instantiation 'bool std::equal<Iterator<double>,Iterator<double>>(_InIt1,_InIt1,_InIt2)' being compiled
                 with
                 [
                     _InIt1=Iterator<double>
         ,            _InIt2=Iterator<double>
                 ]
                 c:\program files (x86)\microsoft visual studio 12.0\vc\include\xutility(2783) : see declaration of 'std::_Equal1'
         ut_square_list_16_ctor_copy.cpp
     1>c:\program files (x86)\microsoft visual studio 12.0\vc\include\xutility(2798): warning C4996: 'std::_Equal1': Function call with parameters that may be unsafe - this call relies on the caller to check that the passed values are correct. To disable this warning, use -D_SCL_SECURE_NO_WARNINGS. See documentation on how to use Visual C++ 'Checked Iterators'
                 c:\program files (x86)\microsoft visual studio 12.0\vc\include\xutility(2783) : see declaration of 'std::_Equal1'
                 c:\users\ryan.slipetz\desktop\rs_project4 - square list\rs_squarelist_raw_ptrs\ut_square_list\ut_square_list\ut_square_list_16_ctor_copy.cpp(22) : see reference to function template instantiation 'bool std::equal<Iterator<double>,Iterator<double>>(_InIt1,_InIt1,_InIt2)' being compiled
                 with
                 [
                     _InIt1=Iterator<double>
         ,            _InIt2=Iterator<double>
                 ]
                 c:\program files (x86)\microsoft visual studio 12.0\vc\include\xutility(2783) : see declaration of 'std::_Equal1'
         ut_square_list_15_swap.cpp
         ut_square_list_14_erase_mass.cpp
         ut_square_list_13_erase_range.cpp
         ut_square_list_12_insert_initializer_list.cpp
         ut_square_list_11_insert_range.cpp
         ut_square_list_10_insert_rvalue.cpp
         Generating Code...
         Compiling...
         ut_square_list_09_clear.cpp
         ut_square_list_08_insert_rigorous.cpp
         ut_square_list_07_erase_concept.cpp
         ut_square_list_06_const_iter.cpp
         ut_square_list_05_reverse_iter.cpp
         ut_square_list_04_bidirectional_iter.cpp
         ut_square_list_03_forward_iter.cpp
         ut_square_list_02_capacity.cpp
         ut_square_list_01_concept.cpp
         ut_square_list_00_main.cpp
         Generating Code...
       Link:
         C:\Program Files (x86)\Microsoft Visual Studio 12.0\VC\bin\link.exe /ERRORREPORT:PROMPT /OUT:"C:\Users\ryan.slipetz\Desktop\RS_Project4 - Square List\RS_SquareList_RAW_PTRS\ut_square_list\Debug\ut_square_list.exe" /INCREMENTAL /NOLOGO kernel32.lib user32.lib gdi32.lib winspool.lib comdlg32.lib advapi32.lib shell32.lib ole32.lib oleaut32.lib uuid.lib odbc32.lib odbccp32.lib /MANIFEST /MANIFESTUAC:"level='asInvoker' uiAccess='false'" /manifest:embed /DEBUG /PDB:"C:\Users\ryan.slipetz\Desktop\RS_Project4 - Square List\RS_SquareList_RAW_PTRS\ut_square_list\Debug\ut_square_list.pdb" /SUBSYSTEM:CONSOLE /TLBID:1 /DYNAMICBASE /NXCOMPAT /IMPLIB:"C:\Users\ryan.slipetz\Desktop\RS_Project4 - Square List\RS_SquareList_RAW_PTRS\ut_square_list\Debug\ut_square_list.lib" /MACHINE:X86 Debug\ut_square_list_00_main.obj
         Debug\ut_square_list_01_concept.obj
         Debug\ut_square_list_02_capacity.obj
         Debug\ut_square_list_03_forward_iter.obj
         Debug\ut_square_list_04_bidirectional_iter.obj
         Debug\ut_square_list_05_reverse_iter.obj
         Debug\ut_square_list_06_const_iter.obj
         Debug\ut_square_list_07_erase_concept.obj
         Debug\ut_square_list_08_insert_rigorous.obj
         Debug\ut_square_list_09_clear.obj
         Debug\ut_square_list_10_insert_rvalue.obj
         Debug\ut_square_list_11_insert_range.obj
         Debug\ut_square_list_12_insert_initializer_list.obj
         Debug\ut_square_list_13_erase_range.obj
         Debug\ut_square_list_14_erase_mass.obj
         Debug\ut_square_list_15_swap.obj
         Debug\ut_square_list_16_ctor_copy.obj
         Debug\ut_square_list_17_ctor_Rvalue.obj
         Debug\ut_square_list_18_ctor_iterator.obj
         Debug\ut_square_list_19_ctor_initializer.obj
         Debug\ut_square_list_20_deep_copy_assignment.obj
         Debug\ut_square_list_21_deep_move_assignment.obj
         Debug\ut_square_list_22_initializer_assignment.obj
         Debug\ut_square_list_23_relational.obj
         Debug\ut_square_list_24_swap_function.obj
         Debug\ut_square_list_25_count.obj
         Debug\ut_square_list_26_front_back.obj
         Debug\ut_square_list_27_find.obj
         Debug\ut_square_list_28_equal_range.obj
         Debug\ut_square_list_29_ctor_compare.obj
         ut_square_list.vcxproj -> C:\Users\ryan.slipetz\Desktop\RS_Project4 - Square List\RS_SquareList_RAW_PTRS\ut_square_list\Debug\ut_square_list.exe
     1>Done Building Project "C:\Users\ryan.slipetz\Desktop\RS_Project4 - Square List\RS_SquareList_RAW_PTRS\ut_square_list\ut_square_list\ut_square_list.vcxproj" (Rebuild target(s)).

Build succeeded.

Time Elapsed 00:00:26.98
